# JRE version: OpenJDK Runtime Environment (8.0_152-b01) (build 1.8.0_152-release-915-b01)
# Java VM: OpenJDK 64-Bit Server VM (25.152-b01 mixed mode windows-amd64 compressed oops)
Heap:
 PSYoungGen      total 96256K, used 8415K [0x00000000d5580000, 0x00000000dd900000, 0x0000000100000000)
  eden space 87552K, 9% used [0x00000000d5580000,0x00000000d5db7d68,0x00000000dab00000)
  from space 8704K, 0% used [0x00000000dab00000,0x00000000dab00000,0x00000000db380000)
  to   space 8704K, 0% used [0x00000000dd080000,0x00000000dd080000,0x00000000dd900000)
 ParOldGen       total 33792K, used 13993K [0x0000000080000000, 0x0000000082100000, 0x00000000d5580000)
  object space 33792K, 41% used [0x0000000080000000,0x0000000080daa618,0x0000000082100000)
 Metaspace       used 34942K, capacity 35524K, committed 35840K, reserved 1081344K
  class space    used 4592K, capacity 4806K, committed 4864K, reserved 1048576K
GC Heap History (10 events):
Event: 14.584 GC heap before
{Heap before GC invocations=11 (full 1):
 PSYoungGen      total 72192K, used 65024K [0x00000000d5580000, 0x00000000da380000, 0x0000000100000000)
  eden space 65024K, 100% used [0x00000000d5580000,0x00000000d9500000,0x00000000d9500000)
  from space 7168K, 0% used [0x00000000d9500000,0x00000000d9500000,0x00000000d9c00000)
  to   space 6656K, 0% used [0x00000000d9c00000,0x00000000d9c00000,0x00000000da280000)
 ParOldGen       total 33792K, used 8672K [0x0000000080000000, 0x0000000082100000, 0x00000000d5580000)
  object space 33792K, 25% used [0x0000000080000000,0x0000000080878130,0x0000000082100000)
 Metaspace       used 29551K, capacity 30118K, committed 30464K, reserved 1075200K
  class space    used 3868K, capacity 4079K, committed 4096K, reserved 1048576K
Event: 14.612 GC heap after
Heap after GC invocations=11 (full 1):
 PSYoungGen      total 71680K, used 6652K [0x00000000d5580000, 0x00000000da380000, 0x0000000100000000)
  eden space 65024K, 0% used [0x00000000d5580000,0x00000000d5580000,0x00000000d9500000)
  from space 6656K, 99% used [0x00000000d9c00000,0x00000000da27f138,0x00000000da280000)
  to   space 7168K, 0% used [0x00000000d9500000,0x00000000d9500000,0x00000000d9c00000)
 ParOldGen       total 33792K, used 11045K [0x0000000080000000, 0x0000000082100000, 0x00000000d5580000)
  object space 33792K, 32% used [0x0000000080000000,0x0000000080ac9650,0x0000000082100000)
 Metaspace       used 29551K, capacity 30118K, committed 30464K, reserved 1075200K
  class space    used 3868K, capacity 4079K, committed 4096K, reserved 1048576K
}
Event: 17.133 GC heap before
{Heap before GC invocations=12 (full 1):
 PSYoungGen      total 71680K, used 71676K [0x00000000d5580000, 0x00000000da380000, 0x0000000100000000)
  eden space 65024K, 100% used [0x00000000d5580000,0x00000000d9500000,0x00000000d9500000)
  from space 6656K, 99% used [0x00000000d9c00000,0x00000000da27f138,0x00000000da280000)
  to   space 7168K, 0% used [0x00000000d9500000,0x00000000d9500000,0x00000000d9c00000)
 ParOldGen       total 33792K, used 11045K [0x0000000080000000, 0x0000000082100000, 0x00000000d5580000)
  object space 33792K, 32% used [0x0000000080000000,0x0000000080ac9650,0x0000000082100000)
 Metaspace       used 33314K, capacity 33948K, committed 34432K, reserved 1079296K
  class space    used 4483K, capacity 4670K, committed 4736K, reserved 1048576K
Event: 17.151 GC heap after
Heap after GC invocations=12 (full 1):
 PSYoungGen      total 72192K, used 5137K [0x00000000d5580000, 0x00000000dbb80000, 0x0000000100000000)
  eden space 65024K, 0% used [0x00000000d5580000,0x00000000d5580000,0x00000000d9500000)
  from space 7168K, 71% used [0x00000000d9500000,0x00000000d9a04498,0x00000000d9c00000)
  to   space 8192K, 0% used [0x00000000db380000,0x00000000db380000,0x00000000dbb80000)
 ParOldGen       total 33792K, used 15572K [0x0000000080000000, 0x0000000082100000, 0x00000000d5580000)
  object space 33792K, 46% used [0x0000000080000000,0x0000000080f35188,0x0000000082100000)
 Metaspace       used 33314K, capacity 33948K, committed 34432K, reserved 1079296K
  class space    used 4483K, capacity 4670K, committed 4736K, reserved 1048576K
}
Event: 18.003 GC heap before
{Heap before GC invocations=13 (full 1):
 PSYoungGen      total 72192K, used 70161K [0x00000000d5580000, 0x00000000dbb80000, 0x0000000100000000)
  eden space 65024K, 100% used [0x00000000d5580000,0x00000000d9500000,0x00000000d9500000)
  from space 7168K, 71% used [0x00000000d9500000,0x00000000d9a04498,0x00000000d9c00000)
  to   space 8192K, 0% used [0x00000000db380000,0x00000000db380000,0x00000000dbb80000)
 ParOldGen       total 33792K, used 15572K [0x0000000080000000, 0x0000000082100000, 0x00000000d5580000)
  object space 33792K, 46% used [0x0000000080000000,0x0000000080f35188,0x0000000082100000)
 Metaspace       used 33462K, capacity 34076K, committed 34432K, reserved 1079296K
  class space    used 4493K, capacity 4670K, committed 4736K, reserved 1048576K
Event: 18.011 GC heap after
Heap after GC invocations=13 (full 1):
 PSYoungGen      total 95744K, used 336K [0x00000000d5580000, 0x00000000dbc00000, 0x0000000100000000)
  eden space 87552K, 0% used [0x00000000d5580000,0x00000000d5580000,0x00000000dab00000)
  from space 8192K, 4% used [0x00000000db380000,0x00000000db3d4010,0x00000000dbb80000)
  to   space 8704K, 0% used [0x00000000dab00000,0x00000000dab00000,0x00000000db380000)
 ParOldGen       total 33792K, used 16842K [0x0000000080000000, 0x0000000082100000, 0x00000000d5580000)
  object space 33792K, 49% used [0x0000000080000000,0x00000000810728e0,0x0000000082100000)
 Metaspace       used 33462K, capacity 34076K, committed 34432K, reserved 1079296K
  class space    used 4493K, capacity 4670K, committed 4736K, reserved 1048576K
}
Event: 18.549 GC heap before
{Heap before GC invocations=14 (full 1):
 PSYoungGen      total 95744K, used 20294K [0x00000000d5580000, 0x00000000dbc00000, 0x0000000100000000)
  eden space 87552K, 22% used [0x00000000d5580000,0x00000000d68fdb60,0x00000000dab00000)
  from space 8192K, 4% used [0x00000000db380000,0x00000000db3d4010,0x00000000dbb80000)
  to   space 8704K, 0% used [0x00000000dab00000,0x00000000dab00000,0x00000000db380000)
 ParOldGen       total 33792K, used 16842K [0x0000000080000000, 0x0000000082100000, 0x00000000d5580000)
  object space 33792K, 49% used [0x0000000080000000,0x00000000810728e0,0x0000000082100000)
 Metaspace       used 34667K, capacity 35310K, committed 35496K, reserved 1079296K
  class space    used 4595K, capacity 4823K, committed 4864K, reserved 1048576K
Event: 18.556 GC heap after
Heap after GC invocations=14 (full 1):
 PSYoungGen      total 96256K, used 1994K [0x00000000d5580000, 0x00000000dd900000, 0x0000000100000000)
  eden space 87552K, 0% used [0x00000000d5580000,0x00000000d5580000,0x00000000dab00000)
  from space 8704K, 22% used [0x00000000dab00000,0x00000000dacf2aa8,0x00000000db380000)
  to   space 8704K, 0% used [0x00000000dd080000,0x00000000dd080000,0x00000000dd900000)
 ParOldGen       total 33792K, used 16978K [0x0000000080000000, 0x0000000082100000, 0x00000000d5580000)
  object space 33792K, 50% used [0x0000000080000000,0x0000000081094900,0x0000000082100000)
 Metaspace       used 34667K, capacity 35310K, committed 35496K, reserved 1079296K
  class space    used 4595K, capacity 4823K, committed 4864K, reserved 1048576K
}
Event: 18.556 GC heap before
{Heap before GC invocations=15 (full 2):
 PSYoungGen      total 96256K, used 1994K [0x00000000d5580000, 0x00000000dd900000, 0x0000000100000000)
  eden space 87552K, 0% used [0x00000000d5580000,0x00000000d5580000,0x00000000dab00000)
  from space 8704K, 22% used [0x00000000dab00000,0x00000000dacf2aa8,0x00000000db380000)
  to   space 8704K, 0% used [0x00000000dd080000,0x00000000dd080000,0x00000000dd900000)
 ParOldGen       total 33792K, used 16978K [0x0000000080000000, 0x0000000082100000, 0x00000000d5580000)
  object space 33792K, 50% used [0x0000000080000000,0x0000000081094900,0x0000000082100000)
 Metaspace       used 34667K, capacity 35310K, committed 35496K, reserved 1079296K
  class space    used 4595K, capacity 4823K, committed 4864K, reserved 1048576K
Event: 18.697 GC heap after
Heap after GC invocations=15 (full 2):
 PSYoungGen      total 96256K, used 0K [0x00000000d5580000, 0x00000000dd900000, 0x0000000100000000)
  eden space 87552K, 0% used [0x00000000d5580000,0x00000000d5580000,0x00000000dab00000)
  from space 8704K, 0% used [0x00000000dab00000,0x00000000dab00000,0x00000000db380000)
  to   space 8704K, 0% used [0x00000000dd080000,0x00000000dd080000,0x00000000dd900000)
 ParOldGen       total 33792K, used 13993K [0x0000000080000000, 0x0000000082100000, 0x00000000d5580000)
  object space 33792K, 41% used [0x0000000080000000,0x0000000080daa618,0x0000000082100000)
 Metaspace       used 34588K, capacity 35090K, committed 35496K, reserved 1079296K
  class space    used 4574K, capacity 4771K, committed 4864K, reserved 1048576K
}

