# JRE version: OpenJDK Runtime Environment (8.0_202-b03) (build 1.8.0_202-release-1483-b03)
# Java VM: OpenJDK 64-Bit Server VM (25.202-b03 mixed mode windows-amd64 compressed oops)
Heap:
 PSYoungGen      total 211456K, used 75994K [0x00000000eab00000, 0x00000000f8500000, 0x0000000100000000)
  eden space 199680K, 36% used [0x00000000eab00000,0x00000000ef2625c8,0x00000000f6e00000)
  from space 11776K, 24% used [0x00000000f6e00000,0x00000000f70d4570,0x00000000f7980000)
  to   space 8704K, 0% used [0x00000000f7a00000,0x00000000f7a00000,0x00000000f8280000)
 ParOldGen       total 47104K, used 33098K [0x00000000c0000000, 0x00000000c2e00000, 0x00000000eab00000)
  object space 47104K, 70% used [0x00000000c0000000,0x00000000c2052858,0x00000000c2e00000)
 Metaspace       used 61760K, capacity 63446K, committed 63704K, reserved 1103872K
  class space    used 7945K, capacity 8309K, committed 8448K, reserved 1048576K
GC Heap History (10 events):
Event: 51.185 GC heap before
{Heap before GC invocations=22 (full 2):
 PSYoungGen      total 176128K, used 167872K [0x00000000eab00000, 0x00000000f8280000, 0x0000000100000000)
  eden space 167424K, 100% used [0x00000000eab00000,0x00000000f4e80000,0x00000000f4e80000)
  from space 8704K, 5% used [0x00000000f4e80000,0x00000000f4ef0000,0x00000000f5700000)
  to   space 8704K, 0% used [0x00000000f7a00000,0x00000000f7a00000,0x00000000f8280000)
 ParOldGen       total 47104K, used 18953K [0x00000000c0000000, 0x00000000c2e00000, 0x00000000eab00000)
  object space 47104K, 40% used [0x00000000c0000000,0x00000000c1282608,0x00000000c2e00000)
 Metaspace       used 50099K, capacity 51484K, committed 51712K, reserved 1093632K
  class space    used 6581K, capacity 6868K, committed 6912K, reserved 1048576K
Event: 51.218 GC heap after
Heap after GC invocations=22 (full 2):
 PSYoungGen      total 208384K, used 8681K [0x00000000eab00000, 0x00000000f8500000, 0x0000000100000000)
  eden space 199680K, 0% used [0x00000000eab00000,0x00000000eab00000,0x00000000f6e00000)
  from space 8704K, 99% used [0x00000000f7a00000,0x00000000f827a740,0x00000000f8280000)
  to   space 11776K, 0% used [0x00000000f6e00000,0x00000000f6e00000,0x00000000f7980000)
 ParOldGen       total 47104K, used 23855K [0x00000000c0000000, 0x00000000c2e00000, 0x00000000eab00000)
  object space 47104K, 50% used [0x00000000c0000000,0x00000000c174bc48,0x00000000c2e00000)
 Metaspace       used 50099K, capacity 51484K, committed 51712K, reserved 1093632K
  class space    used 6581K, capacity 6868K, committed 6912K, reserved 1048576K
}
Event: 55.434 GC heap before
{Heap before GC invocations=23 (full 2):
 PSYoungGen      total 208384K, used 94363K [0x00000000eab00000, 0x00000000f8500000, 0x0000000100000000)
  eden space 199680K, 42% used [0x00000000eab00000,0x00000000efeac838,0x00000000f6e00000)
  from space 8704K, 99% used [0x00000000f7a00000,0x00000000f827a740,0x00000000f8280000)
  to   space 11776K, 0% used [0x00000000f6e00000,0x00000000f6e00000,0x00000000f7980000)
 ParOldGen       total 47104K, used 23855K [0x00000000c0000000, 0x00000000c2e00000, 0x00000000eab00000)
  object space 47104K, 50% used [0x00000000c0000000,0x00000000c174bc48,0x00000000c2e00000)
 Metaspace       used 57403K, capacity 58968K, committed 59096K, reserved 1099776K
  class space    used 7552K, capacity 7921K, committed 7936K, reserved 1048576K
Event: 55.465 GC heap after
Heap after GC invocations=23 (full 2):
 PSYoungGen      total 211456K, used 9312K [0x00000000eab00000, 0x00000000f8500000, 0x0000000100000000)
  eden space 199680K, 0% used [0x00000000eab00000,0x00000000eab00000,0x00000000f6e00000)
  from space 11776K, 79% used [0x00000000f6e00000,0x00000000f7718288,0x00000000f7980000)
  to   space 8704K, 0% used [0x00000000f7a00000,0x00000000f7a00000,0x00000000f8280000)
 ParOldGen       total 47104K, used 30050K [0x00000000c0000000, 0x00000000c2e00000, 0x00000000eab00000)
  object space 47104K, 63% used [0x00000000c0000000,0x00000000c1d58b10,0x00000000c2e00000)
 Metaspace       used 57403K, capacity 58968K, committed 59096K, reserved 1099776K
  class space    used 7552K, capacity 7921K, committed 7936K, reserved 1048576K
}
Event: 55.465 GC heap before
{Heap before GC invocations=24 (full 3):
 PSYoungGen      total 211456K, used 9312K [0x00000000eab00000, 0x00000000f8500000, 0x0000000100000000)
  eden space 199680K, 0% used [0x00000000eab00000,0x00000000eab00000,0x00000000f6e00000)
  from space 11776K, 79% used [0x00000000f6e00000,0x00000000f7718288,0x00000000f7980000)
  to   space 8704K, 0% used [0x00000000f7a00000,0x00000000f7a00000,0x00000000f8280000)
 ParOldGen       total 47104K, used 30050K [0x00000000c0000000, 0x00000000c2e00000, 0x00000000eab00000)
  object space 47104K, 63% used [0x00000000c0000000,0x00000000c1d58b10,0x00000000c2e00000)
 Metaspace       used 57403K, capacity 58968K, committed 59096K, reserved 1099776K
  class space    used 7552K, capacity 7921K, committed 7936K, reserved 1048576K
Event: 55.847 GC heap after
Heap after GC invocations=24 (full 3):
 PSYoungGen      total 211456K, used 0K [0x00000000eab00000, 0x00000000f8500000, 0x0000000100000000)
  eden space 199680K, 0% used [0x00000000eab00000,0x00000000eab00000,0x00000000f6e00000)
  from space 11776K, 0% used [0x00000000f6e00000,0x00000000f6e00000,0x00000000f7980000)
  to   space 8704K, 0% used [0x00000000f7a00000,0x00000000f7a00000,0x00000000f8280000)
 ParOldGen       total 47104K, used 33082K [0x00000000c0000000, 0x00000000c2e00000, 0x00000000eab00000)
  object space 47104K, 70% used [0x00000000c0000000,0x00000000c204e858,0x00000000c2e00000)
 Metaspace       used 57356K, capacity 58830K, committed 59096K, reserved 1099776K
  class space    used 7538K, capacity 7875K, committed 7936K, reserved 1048576K
}
Event: 65.986 GC heap before
{Heap before GC invocations=25 (full 3):
 PSYoungGen      total 211456K, used 199680K [0x00000000eab00000, 0x00000000f8500000, 0x0000000100000000)
  eden space 199680K, 100% used [0x00000000eab00000,0x00000000f6e00000,0x00000000f6e00000)
  from space 11776K, 0% used [0x00000000f6e00000,0x00000000f6e00000,0x00000000f7980000)
  to   space 8704K, 0% used [0x00000000f7a00000,0x00000000f7a00000,0x00000000f8280000)
 ParOldGen       total 47104K, used 33082K [0x00000000c0000000, 0x00000000c2e00000, 0x00000000eab00000)
  object space 47104K, 70% used [0x00000000c0000000,0x00000000c204e858,0x00000000c2e00000)
 Metaspace       used 60954K, capacity 62642K, committed 62808K, reserved 1103872K
  class space    used 7872K, capacity 8267K, committed 8320K, reserved 1048576K
Event: 66.006 GC heap after
Heap after GC invocations=25 (full 3):
 PSYoungGen      total 208384K, used 6429K [0x00000000eab00000, 0x00000000f8500000, 0x0000000100000000)
  eden space 199680K, 0% used [0x00000000eab00000,0x00000000eab00000,0x00000000f6e00000)
  from space 8704K, 73% used [0x00000000f7a00000,0x00000000f80475e0,0x00000000f8280000)
  to   space 11776K, 0% used [0x00000000f6e00000,0x00000000f6e00000,0x00000000f7980000)
 ParOldGen       total 47104K, used 33090K [0x00000000c0000000, 0x00000000c2e00000, 0x00000000eab00000)
  object space 47104K, 70% used [0x00000000c0000000,0x00000000c2050858,0x00000000c2e00000)
 Metaspace       used 60954K, capacity 62642K, committed 62808K, reserved 1103872K
  class space    used 7872K, capacity 8267K, committed 8320K, reserved 1048576K
}
Event: 74.463 GC heap before
{Heap before GC invocations=26 (full 3):
 PSYoungGen      total 208384K, used 206109K [0x00000000eab00000, 0x00000000f8500000, 0x0000000100000000)
  eden space 199680K, 100% used [0x00000000eab00000,0x00000000f6e00000,0x00000000f6e00000)
  from space 8704K, 73% used [0x00000000f7a00000,0x00000000f80475e0,0x00000000f8280000)
  to   space 11776K, 0% used [0x00000000f6e00000,0x00000000f6e00000,0x00000000f7980000)
 ParOldGen       total 47104K, used 33090K [0x00000000c0000000, 0x00000000c2e00000, 0x00000000eab00000)
  object space 47104K, 70% used [0x00000000c0000000,0x00000000c2050858,0x00000000c2e00000)
 Metaspace       used 60956K, capacity 62642K, committed 62808K, reserved 1103872K
  class space    used 7872K, capacity 8267K, committed 8320K, reserved 1048576K
Event: 74.471 GC heap after
Heap after GC invocations=26 (full 3):
 PSYoungGen      total 211456K, used 2897K [0x00000000eab00000, 0x00000000f8500000, 0x0000000100000000)
  eden space 199680K, 0% used [0x00000000eab00000,0x00000000eab00000,0x00000000f6e00000)
  from space 11776K, 24% used [0x00000000f6e00000,0x00000000f70d4570,0x00000000f7980000)
  to   space 8704K, 0% used [0x00000000f7a00000,0x00000000f7a00000,0x00000000f8280000)
 ParOldGen       total 47104K, used 33098K [0x00000000c0000000, 0x00000000c2e00000, 0x00000000eab00000)
  object space 47104K, 70% used [0x00000000c0000000,0x00000000c2052858,0x00000000c2e00000)
 Metaspace       used 60956K, capacity 62642K, committed 62808K, reserved 1103872K
  class space    used 7872K, capacity 8267K, committed 8320K, reserved 1048576K
}

