# JRE version: OpenJDK Runtime Environment (8.0_202-b03) (build 1.8.0_202-release-1483-b03)
# Java VM: OpenJDK 64-Bit Server VM (25.202-b03 mixed mode windows-amd64 compressed oops)
Heap:
 PSYoungGen      total 261120K, used 127895K [0x00000006ea800000, 0x00000006ff800000, 0x00000007c0000000)
  eden space 242176K, 52% used [0x00000006ea800000,0x00000006f24e5c58,0x00000006f9480000)
  from space 18944K, 0% used [0x00000006f9480000,0x00000006f9480000,0x00000006fa700000)
  to   space 38400K, 0% used [0x00000006fd280000,0x00000006fd280000,0x00000006ff800000)
 ParOldGen       total 228352K, used 120941K [0x000000053f800000, 0x000000054d700000, 0x00000006ea800000)
  object space 228352K, 52% used [0x000000053f800000,0x0000000546e1b7c0,0x000000054d700000)
 Metaspace       used 91921K, capacity 95262K, committed 95508K, reserved 1132544K
  class space    used 11605K, capacity 12272K, committed 12348K, reserved 1048576K
GC Heap History (10 events):
Event: 198.114 GC heap before
{Heap before GC invocations=52 (full 4):
 PSYoungGen      total 210432K, used 199168K [0x00000006ea800000, 0x00000006f9980000, 0x00000007c0000000)
  eden space 199168K, 100% used [0x00000006ea800000,0x00000006f6a80000,0x00000006f6a80000)
  from space 11264K, 0% used [0x00000006f6a80000,0x00000006f6a80000,0x00000006f7580000)
  to   space 10752K, 0% used [0x00000006f8f00000,0x00000006f8f00000,0x00000006f9980000)
 ParOldGen       total 124928K, used 50523K [0x000000053f800000, 0x0000000547200000, 0x00000006ea800000)
  object space 124928K, 40% used [0x000000053f800000,0x0000000542956fc8,0x0000000547200000)
 Metaspace       used 84276K, capacity 86854K, committed 87188K, reserved 1124352K
  class space    used 10822K, capacity 11312K, committed 11452K, reserved 1048576K
Event: 198.140 GC heap after
Heap after GC invocations=52 (full 4):
 PSYoungGen      total 234496K, used 4512K [0x00000006ea800000, 0x00000006f9800000, 0x00000007c0000000)
  eden space 225280K, 0% used [0x00000006ea800000,0x00000006ea800000,0x00000006f8400000)
  from space 9216K, 48% used [0x00000006f8f00000,0x00000006f9368010,0x00000006f9800000)
  to   space 10240K, 0% used [0x00000006f8400000,0x00000006f8400000,0x00000006f8e00000)
 ParOldGen       total 124928K, used 50523K [0x000000053f800000, 0x0000000547200000, 0x00000006ea800000)
  object space 124928K, 40% used [0x000000053f800000,0x0000000542956fc8,0x0000000547200000)
 Metaspace       used 84276K, capacity 86854K, committed 87188K, reserved 1124352K
  class space    used 10822K, capacity 11312K, committed 11452K, reserved 1048576K
}
Event: 204.852 GC heap before
{Heap before GC invocations=53 (full 4):
 PSYoungGen      total 234496K, used 229792K [0x00000006ea800000, 0x00000006f9800000, 0x00000007c0000000)
  eden space 225280K, 100% used [0x00000006ea800000,0x00000006f8400000,0x00000006f8400000)
  from space 9216K, 48% used [0x00000006f8f00000,0x00000006f9368010,0x00000006f9800000)
  to   space 10240K, 0% used [0x00000006f8400000,0x00000006f8400000,0x00000006f8e00000)
 ParOldGen       total 124928K, used 50523K [0x000000053f800000, 0x0000000547200000, 0x00000006ea800000)
  object space 124928K, 40% used [0x000000053f800000,0x0000000542956fc8,0x0000000547200000)
 Metaspace       used 85176K, capacity 88034K, committed 88212K, reserved 1126400K
  class space    used 10927K, capacity 11446K, committed 11452K, reserved 1048576K
Event: 204.877 GC heap after
Heap after GC invocations=53 (full 4):
 PSYoungGen      total 235520K, used 4896K [0x00000006ea800000, 0x00000006fb100000, 0x00000007c0000000)
  eden space 225280K, 0% used [0x00000006ea800000,0x00000006ea800000,0x00000006f8400000)
  from space 10240K, 47% used [0x00000006f8400000,0x00000006f88c8138,0x00000006f8e00000)
  to   space 10240K, 0% used [0x00000006fa700000,0x00000006fa700000,0x00000006fb100000)
 ParOldGen       total 124928K, used 54211K [0x000000053f800000, 0x0000000547200000, 0x00000006ea800000)
  object space 124928K, 43% used [0x000000053f800000,0x0000000542cf0fd8,0x0000000547200000)
 Metaspace       used 85176K, capacity 88034K, committed 88212K, reserved 1126400K
  class space    used 10927K, capacity 11446K, committed 11452K, reserved 1048576K
}
Event: 234.953 GC heap before
{Heap before GC invocations=54 (full 4):
 PSYoungGen      total 235520K, used 228747K [0x00000006ea800000, 0x00000006fb100000, 0x00000007c0000000)
  eden space 225280K, 99% used [0x00000006ea800000,0x00000006f829aae8,0x00000006f8400000)
  from space 10240K, 47% used [0x00000006f8400000,0x00000006f88c8138,0x00000006f8e00000)
  to   space 10240K, 0% used [0x00000006fa700000,0x00000006fa700000,0x00000006fb100000)
 ParOldGen       total 124928K, used 56259K [0x000000053f800000, 0x0000000547200000, 0x00000006ea800000)
  object space 124928K, 45% used [0x000000053f800000,0x0000000542ef0fe8,0x0000000547200000)
 Metaspace       used 87249K, capacity 90292K, committed 90388K, reserved 1128448K
  class space    used 11207K, capacity 11771K, committed 11836K, reserved 1048576K
Event: 234.977 GC heap after
Heap after GC invocations=54 (full 4):
 PSYoungGen      total 252416K, used 10232K [0x00000006ea800000, 0x00000006fbf00000, 0x00000007c0000000)
  eden space 242176K, 0% used [0x00000006ea800000,0x00000006ea800000,0x00000006f9480000)
  from space 10240K, 99% used [0x00000006fa700000,0x00000006fb0fe258,0x00000006fb100000)
  to   space 18944K, 0% used [0x00000006f9480000,0x00000006f9480000,0x00000006fa700000)
 ParOldGen       total 124928K, used 75240K [0x000000053f800000, 0x0000000547200000, 0x00000006ea800000)
  object space 124928K, 60% used [0x000000053f800000,0x000000054417a200,0x0000000547200000)
 Metaspace       used 87249K, capacity 90292K, committed 90388K, reserved 1128448K
  class space    used 11207K, capacity 11771K, committed 11836K, reserved 1048576K
}
Event: 240.123 GC heap before
{Heap before GC invocations=55 (full 4):
 PSYoungGen      total 252416K, used 252408K [0x00000006ea800000, 0x00000006fbf00000, 0x00000007c0000000)
  eden space 242176K, 100% used [0x00000006ea800000,0x00000006f9480000,0x00000006f9480000)
  from space 10240K, 99% used [0x00000006fa700000,0x00000006fb0fe258,0x00000006fb100000)
  to   space 18944K, 0% used [0x00000006f9480000,0x00000006f9480000,0x00000006fa700000)
 ParOldGen       total 124928K, used 109352K [0x000000053f800000, 0x0000000547200000, 0x00000006ea800000)
  object space 124928K, 87% used [0x000000053f800000,0x00000005462ca178,0x0000000547200000)
 Metaspace       used 87276K, capacity 90314K, committed 90388K, reserved 1128448K
  class space    used 11210K, capacity 11776K, committed 11836K, reserved 1048576K
Event: 240.173 GC heap after
Heap after GC invocations=55 (full 4):
 PSYoungGen      total 261120K, used 18925K [0x00000006ea800000, 0x00000006ff800000, 0x00000007c0000000)
  eden space 242176K, 0% used [0x00000006ea800000,0x00000006ea800000,0x00000006f9480000)
  from space 18944K, 99% used [0x00000006f9480000,0x00000006fa6fb4d8,0x00000006fa700000)
  to   space 38400K, 0% used [0x00000006fd280000,0x00000006fd280000,0x00000006ff800000)
 ParOldGen       total 153600K, used 153361K [0x000000053f800000, 0x0000000548e00000, 0x00000006ea800000)
  object space 153600K, 99% used [0x000000053f800000,0x0000000548dc44b8,0x0000000548e00000)
 Metaspace       used 87276K, capacity 90314K, committed 90388K, reserved 1128448K
  class space    used 11210K, capacity 11776K, committed 11836K, reserved 1048576K
}
Event: 240.173 GC heap before
{Heap before GC invocations=56 (full 5):
 PSYoungGen      total 261120K, used 18925K [0x00000006ea800000, 0x00000006ff800000, 0x00000007c0000000)
  eden space 242176K, 0% used [0x00000006ea800000,0x00000006ea800000,0x00000006f9480000)
  from space 18944K, 99% used [0x00000006f9480000,0x00000006fa6fb4d8,0x00000006fa700000)
  to   space 38400K, 0% used [0x00000006fd280000,0x00000006fd280000,0x00000006ff800000)
 ParOldGen       total 153600K, used 153361K [0x000000053f800000, 0x0000000548e00000, 0x00000006ea800000)
  object space 153600K, 99% used [0x000000053f800000,0x0000000548dc44b8,0x0000000548e00000)
 Metaspace       used 87276K, capacity 90314K, committed 90388K, reserved 1128448K
  class space    used 11210K, capacity 11776K, committed 11836K, reserved 1048576K
Event: 240.411 GC heap after
Heap after GC invocations=56 (full 5):
 PSYoungGen      total 261120K, used 0K [0x00000006ea800000, 0x00000006ff800000, 0x00000007c0000000)
  eden space 242176K, 0% used [0x00000006ea800000,0x00000006ea800000,0x00000006f9480000)
  from space 18944K, 0% used [0x00000006f9480000,0x00000006f9480000,0x00000006fa700000)
  to   space 38400K, 0% used [0x00000006fd280000,0x00000006fd280000,0x00000006ff800000)
 ParOldGen       total 228352K, used 120941K [0x000000053f800000, 0x000000054d700000, 0x00000006ea800000)
  object space 228352K, 52% used [0x000000053f800000,0x0000000546e1b7c0,0x000000054d700000)
 Metaspace       used 87276K, capacity 90314K, committed 90388K, reserved 1128448K
  class space    used 11210K, capacity 11776K, committed 11836K, reserved 1048576K
}

