# JRE version: OpenJDK Runtime Environment (8.0_202-b03) (build 1.8.0_202-release-1483-b03)
# Java VM: OpenJDK 64-Bit Server VM (25.202-b03 mixed mode windows-amd64 compressed oops)
Heap:
 PSYoungGen      total 171008K, used 69943K [0x00000000eab00000, 0x00000000f8880000, 0x0000000100000000)
  eden space 158208K, 39% used [0x00000000eab00000,0x00000000ee85e9a8,0x00000000f4580000)
  from space 12800K, 55% used [0x00000000f4580000,0x00000000f4c6f4e0,0x00000000f5200000)
  to   space 12288K, 0% used [0x00000000f7c80000,0x00000000f7c80000,0x00000000f8880000)
 ParOldGen       total 48640K, used 13899K [0x00000000c0000000, 0x00000000c2f80000, 0x00000000eab00000)
  object space 48640K, 28% used [0x00000000c0000000,0x00000000c0d92e20,0x00000000c2f80000)
 Metaspace       used 45220K, capacity 46290K, committed 46464K, reserved 1089536K
  class space    used 5757K, capacity 6016K, committed 6016K, reserved 1048576K
GC Heap History (10 events):
Event: 26.616 GC heap before
{Heap before GC invocations=15 (full 1):
 PSYoungGen      total 98816K, used 10029K [0x00000000eab00000, 0x00000000f2d80000, 0x0000000100000000)
  eden space 86528K, 1% used [0x00000000eab00000,0x00000000eacae5a8,0x00000000eff80000)
  from space 12288K, 67% used [0x00000000eff80000,0x00000000f079cec0,0x00000000f0b80000)
  to   space 12288K, 0% used [0x00000000f2180000,0x00000000f2180000,0x00000000f2d80000)
 ParOldGen       total 40960K, used 10519K [0x00000000c0000000, 0x00000000c2800000, 0x00000000eab00000)
  object space 40960K, 25% used [0x00000000c0000000,0x00000000c0a45ef8,0x00000000c2800000)
 Metaspace       used 34670K, capacity 35268K, committed 35456K, reserved 1079296K
  class space    used 4659K, capacity 4881K, committed 4992K, reserved 1048576K
Event: 26.634 GC heap after
Heap after GC invocations=15 (full 1):
 PSYoungGen      total 121344K, used 7823K [0x00000000eab00000, 0x00000000f4180000, 0x0000000100000000)
  eden space 109056K, 0% used [0x00000000eab00000,0x00000000eab00000,0x00000000f1580000)
  from space 12288K, 63% used [0x00000000f2180000,0x00000000f2923da0,0x00000000f2d80000)
  to   space 12288K, 0% used [0x00000000f1580000,0x00000000f1580000,0x00000000f2180000)
 ParOldGen       total 40960K, used 10519K [0x00000000c0000000, 0x00000000c2800000, 0x00000000eab00000)
  object space 40960K, 25% used [0x00000000c0000000,0x00000000c0a45ef8,0x00000000c2800000)
 Metaspace       used 34670K, capacity 35268K, committed 35456K, reserved 1079296K
  class space    used 4659K, capacity 4881K, committed 4992K, reserved 1048576K
}
Event: 26.634 GC heap before
{Heap before GC invocations=16 (full 2):
 PSYoungGen      total 121344K, used 7823K [0x00000000eab00000, 0x00000000f4180000, 0x0000000100000000)
  eden space 109056K, 0% used [0x00000000eab00000,0x00000000eab00000,0x00000000f1580000)
  from space 12288K, 63% used [0x00000000f2180000,0x00000000f2923da0,0x00000000f2d80000)
  to   space 12288K, 0% used [0x00000000f1580000,0x00000000f1580000,0x00000000f2180000)
 ParOldGen       total 40960K, used 10519K [0x00000000c0000000, 0x00000000c2800000, 0x00000000eab00000)
  object space 40960K, 25% used [0x00000000c0000000,0x00000000c0a45ef8,0x00000000c2800000)
 Metaspace       used 34670K, capacity 35268K, committed 35456K, reserved 1079296K
  class space    used 4659K, capacity 4881K, committed 4992K, reserved 1048576K
Event: 26.797 GC heap after
Heap after GC invocations=16 (full 2):
 PSYoungGen      total 121344K, used 0K [0x00000000eab00000, 0x00000000f4180000, 0x0000000100000000)
  eden space 109056K, 0% used [0x00000000eab00000,0x00000000eab00000,0x00000000f1580000)
  from space 12288K, 0% used [0x00000000f2180000,0x00000000f2180000,0x00000000f2d80000)
  to   space 12288K, 0% used [0x00000000f1580000,0x00000000f1580000,0x00000000f2180000)
 ParOldGen       total 48640K, used 13803K [0x00000000c0000000, 0x00000000c2f80000, 0x00000000eab00000)
  object space 48640K, 28% used [0x00000000c0000000,0x00000000c0d7ae10,0x00000000c2f80000)
 Metaspace       used 34587K, capacity 35170K, committed 35456K, reserved 1079296K
  class space    used 4633K, capacity 4851K, committed 4992K, reserved 1048576K
}
Event: 35.282 GC heap before
{Heap before GC invocations=17 (full 2):
 PSYoungGen      total 121344K, used 109056K [0x00000000eab00000, 0x00000000f4180000, 0x0000000100000000)
  eden space 109056K, 100% used [0x00000000eab00000,0x00000000f1580000,0x00000000f1580000)
  from space 12288K, 0% used [0x00000000f2180000,0x00000000f2180000,0x00000000f2d80000)
  to   space 12288K, 0% used [0x00000000f1580000,0x00000000f1580000,0x00000000f2180000)
 ParOldGen       total 48640K, used 13803K [0x00000000c0000000, 0x00000000c2f80000, 0x00000000eab00000)
  object space 48640K, 28% used [0x00000000c0000000,0x00000000c0d7ae10,0x00000000c2f80000)
 Metaspace       used 43786K, capacity 44840K, committed 45184K, reserved 1089536K
  class space    used 5719K, capacity 5947K, committed 6016K, reserved 1048576K
Event: 35.305 GC heap after
Heap after GC invocations=17 (full 2):
 PSYoungGen      total 121344K, used 10369K [0x00000000eab00000, 0x00000000f6280000, 0x0000000100000000)
  eden space 109056K, 0% used [0x00000000eab00000,0x00000000eab00000,0x00000000f1580000)
  from space 12288K, 84% used [0x00000000f1580000,0x00000000f1fa0670,0x00000000f2180000)
  to   space 13312K, 0% used [0x00000000f5580000,0x00000000f5580000,0x00000000f6280000)
 ParOldGen       total 48640K, used 13883K [0x00000000c0000000, 0x00000000c2f80000, 0x00000000eab00000)
  object space 48640K, 28% used [0x00000000c0000000,0x00000000c0d8ee20,0x00000000c2f80000)
 Metaspace       used 43786K, capacity 44840K, committed 45184K, reserved 1089536K
  class space    used 5719K, capacity 5947K, committed 6016K, reserved 1048576K
}
Event: 49.787 GC heap before
{Heap before GC invocations=18 (full 2):
 PSYoungGen      total 121344K, used 119425K [0x00000000eab00000, 0x00000000f6280000, 0x0000000100000000)
  eden space 109056K, 100% used [0x00000000eab00000,0x00000000f1580000,0x00000000f1580000)
  from space 12288K, 84% used [0x00000000f1580000,0x00000000f1fa0670,0x00000000f2180000)
  to   space 13312K, 0% used [0x00000000f5580000,0x00000000f5580000,0x00000000f6280000)
 ParOldGen       total 48640K, used 13883K [0x00000000c0000000, 0x00000000c2f80000, 0x00000000eab00000)
  object space 48640K, 28% used [0x00000000c0000000,0x00000000c0d8ee20,0x00000000c2f80000)
 Metaspace       used 45092K, capacity 46154K, committed 46464K, reserved 1089536K
  class space    used 5753K, capacity 6016K, committed 6016K, reserved 1048576K
Event: 49.824 GC heap after
Heap after GC invocations=18 (full 2):
 PSYoungGen      total 167424K, used 7406K [0x00000000eab00000, 0x00000000f5e80000, 0x0000000100000000)
  eden space 158208K, 0% used [0x00000000eab00000,0x00000000eab00000,0x00000000f4580000)
  from space 9216K, 80% used [0x00000000f5580000,0x00000000f5cbb950,0x00000000f5e80000)
  to   space 12800K, 0% used [0x00000000f4580000,0x00000000f4580000,0x00000000f5200000)
 ParOldGen       total 48640K, used 13891K [0x00000000c0000000, 0x00000000c2f80000, 0x00000000eab00000)
  object space 48640K, 28% used [0x00000000c0000000,0x00000000c0d90e20,0x00000000c2f80000)
 Metaspace       used 45092K, capacity 46154K, committed 46464K, reserved 1089536K
  class space    used 5753K, capacity 6016K, committed 6016K, reserved 1048576K
}
Event: 56.303 GC heap before
{Heap before GC invocations=19 (full 2):
 PSYoungGen      total 167424K, used 165614K [0x00000000eab00000, 0x00000000f5e80000, 0x0000000100000000)
  eden space 158208K, 100% used [0x00000000eab00000,0x00000000f4580000,0x00000000f4580000)
  from space 9216K, 80% used [0x00000000f5580000,0x00000000f5cbb950,0x00000000f5e80000)
  to   space 12800K, 0% used [0x00000000f4580000,0x00000000f4580000,0x00000000f5200000)
 ParOldGen       total 48640K, used 13891K [0x00000000c0000000, 0x00000000c2f80000, 0x00000000eab00000)
  object space 48640K, 28% used [0x00000000c0000000,0x00000000c0d90e20,0x00000000c2f80000)
 Metaspace       used 45162K, capacity 46218K, committed 46464K, reserved 1089536K
  class space    used 5755K, capacity 6016K, committed 6016K, reserved 1048576K
Event: 56.324 GC heap after
Heap after GC invocations=19 (full 2):
 PSYoungGen      total 171008K, used 7101K [0x00000000eab00000, 0x00000000f8880000, 0x0000000100000000)
  eden space 158208K, 0% used [0x00000000eab00000,0x00000000eab00000,0x00000000f4580000)
  from space 12800K, 55% used [0x00000000f4580000,0x00000000f4c6f4e0,0x00000000f5200000)
  to   space 12288K, 0% used [0x00000000f7c80000,0x00000000f7c80000,0x00000000f8880000)
 ParOldGen       total 48640K, used 13899K [0x00000000c0000000, 0x00000000c2f80000, 0x00000000eab00000)
  object space 48640K, 28% used [0x00000000c0000000,0x00000000c0d92e20,0x00000000c2f80000)
 Metaspace       used 45162K, capacity 46218K, committed 46464K, reserved 1089536K
  class space    used 5755K, capacity 6016K, committed 6016K, reserved 1048576K
}

