# JRE version: OpenJDK Runtime Environment (8.0_152-b01) (build 1.8.0_152-release-915-b01)
# Java VM: OpenJDK 64-Bit Server VM (25.152-b01 mixed mode windows-amd64 compressed oops)
Heap:
 PSYoungGen      total 18944K, used 3797K [0x00000000d5580000, 0x00000000d6a80000, 0x0000000100000000)
  eden space 16384K, 23% used [0x00000000d5580000,0x00000000d5935550,0x00000000d6580000)
  from space 2560K, 0% used [0x00000000d6580000,0x00000000d6580000,0x00000000d6800000)
  to   space 2560K, 0% used [0x00000000d6800000,0x00000000d6800000,0x00000000d6a80000)
 ParOldGen       total 33792K, used 8155K [0x0000000080000000, 0x0000000082100000, 0x00000000d5580000)
  object space 33792K, 24% used [0x0000000080000000,0x00000000807f6c00,0x0000000082100000)
 Metaspace       used 14192K, capacity 14522K, committed 14720K, reserved 1062912K
  class space    used 1979K, capacity 2097K, committed 2176K, reserved 1048576K
GC Heap History (10 events):
Event: 5.076 GC heap before
{Heap before GC invocations=4 (full 0):
 PSYoungGen      total 18944K, used 18931K [0x00000000d5580000, 0x00000000d6a80000, 0x0000000100000000)
  eden space 16384K, 100% used [0x00000000d5580000,0x00000000d6580000,0x00000000d6580000)
  from space 2560K, 99% used [0x00000000d6580000,0x00000000d67fce20,0x00000000d6800000)
  to   space 2560K, 0% used [0x00000000d6800000,0x00000000d6800000,0x00000000d6a80000)
 ParOldGen       total 44032K, used 853K [0x0000000080000000, 0x0000000082b00000, 0x00000000d5580000)
  object space 44032K, 1% used [0x0000000080000000,0x00000000800d5508,0x0000000082b00000)
 Metaspace       used 8956K, capacity 9204K, committed 9472K, reserved 1056768K
  class space    used 1167K, capacity 1260K, committed 1280K, reserved 1048576K
Event: 5.083 GC heap after
Heap after GC invocations=4 (full 0):
 PSYoungGen      total 18944K, used 2544K [0x00000000d5580000, 0x00000000d6a80000, 0x0000000100000000)
  eden space 16384K, 0% used [0x00000000d5580000,0x00000000d5580000,0x00000000d6580000)
  from space 2560K, 99% used [0x00000000d6800000,0x00000000d6a7c010,0x00000000d6a80000)
  to   space 2560K, 0% used [0x00000000d6580000,0x00000000d6580000,0x00000000d6800000)
 ParOldGen       total 44032K, used 2244K [0x0000000080000000, 0x0000000082b00000, 0x00000000d5580000)
  object space 44032K, 5% used [0x0000000080000000,0x0000000080231210,0x0000000082b00000)
 Metaspace       used 8956K, capacity 9204K, committed 9472K, reserved 1056768K
  class space    used 1167K, capacity 1260K, committed 1280K, reserved 1048576K
}
Event: 8.033 GC heap before
{Heap before GC invocations=5 (full 0):
 PSYoungGen      total 18944K, used 18928K [0x00000000d5580000, 0x00000000d6a80000, 0x0000000100000000)
  eden space 16384K, 100% used [0x00000000d5580000,0x00000000d6580000,0x00000000d6580000)
  from space 2560K, 99% used [0x00000000d6800000,0x00000000d6a7c010,0x00000000d6a80000)
  to   space 2560K, 0% used [0x00000000d6580000,0x00000000d6580000,0x00000000d6800000)
 ParOldGen       total 44032K, used 2244K [0x0000000080000000, 0x0000000082b00000, 0x00000000d5580000)
  object space 44032K, 5% used [0x0000000080000000,0x0000000080231210,0x0000000082b00000)
 Metaspace       used 12270K, capacity 12656K, committed 12800K, reserved 1060864K
  class space    used 1661K, capacity 1772K, committed 1792K, reserved 1048576K
Event: 8.042 GC heap after
Heap after GC invocations=5 (full 0):
 PSYoungGen      total 18944K, used 2560K [0x00000000d5580000, 0x00000000d6a80000, 0x0000000100000000)
  eden space 16384K, 0% used [0x00000000d5580000,0x00000000d5580000,0x00000000d6580000)
  from space 2560K, 100% used [0x00000000d6580000,0x00000000d6800000,0x00000000d6800000)
  to   space 2560K, 0% used [0x00000000d6800000,0x00000000d6800000,0x00000000d6a80000)
 ParOldGen       total 44032K, used 4623K [0x0000000080000000, 0x0000000082b00000, 0x00000000d5580000)
  object space 44032K, 10% used [0x0000000080000000,0x0000000080483ed0,0x0000000082b00000)
 Metaspace       used 12270K, capacity 12656K, committed 12800K, reserved 1060864K
  class space    used 1661K, capacity 1772K, committed 1792K, reserved 1048576K
}
Event: 8.913 GC heap before
{Heap before GC invocations=6 (full 0):
 PSYoungGen      total 18944K, used 18944K [0x00000000d5580000, 0x00000000d6a80000, 0x0000000100000000)
  eden space 16384K, 100% used [0x00000000d5580000,0x00000000d6580000,0x00000000d6580000)
  from space 2560K, 100% used [0x00000000d6580000,0x00000000d6800000,0x00000000d6800000)
  to   space 2560K, 0% used [0x00000000d6800000,0x00000000d6800000,0x00000000d6a80000)
 ParOldGen       total 44032K, used 4623K [0x0000000080000000, 0x0000000082b00000, 0x00000000d5580000)
  object space 44032K, 10% used [0x0000000080000000,0x0000000080483ed0,0x0000000082b00000)
 Metaspace       used 13527K, capacity 13976K, committed 14080K, reserved 1060864K
  class space    used 1861K, capacity 2000K, committed 2048K, reserved 1048576K
Event: 8.922 GC heap after
Heap after GC invocations=6 (full 0):
 PSYoungGen      total 18944K, used 2544K [0x00000000d5580000, 0x00000000d6a80000, 0x0000000100000000)
  eden space 16384K, 0% used [0x00000000d5580000,0x00000000d5580000,0x00000000d6580000)
  from space 2560K, 99% used [0x00000000d6800000,0x00000000d6a7c010,0x00000000d6a80000)
  to   space 2560K, 0% used [0x00000000d6580000,0x00000000d6580000,0x00000000d6800000)
 ParOldGen       total 44032K, used 6297K [0x0000000080000000, 0x0000000082b00000, 0x00000000d5580000)
  object space 44032K, 14% used [0x0000000080000000,0x0000000080626570,0x0000000082b00000)
 Metaspace       used 13527K, capacity 13976K, committed 14080K, reserved 1060864K
  class space    used 1861K, capacity 2000K, committed 2048K, reserved 1048576K
}
Event: 9.140 GC heap before
{Heap before GC invocations=7 (full 0):
 PSYoungGen      total 18944K, used 5838K [0x00000000d5580000, 0x00000000d6a80000, 0x0000000100000000)
  eden space 16384K, 20% used [0x00000000d5580000,0x00000000d58b7b78,0x00000000d6580000)
  from space 2560K, 99% used [0x00000000d6800000,0x00000000d6a7c010,0x00000000d6a80000)
  to   space 2560K, 0% used [0x00000000d6580000,0x00000000d6580000,0x00000000d6800000)
 ParOldGen       total 44032K, used 6297K [0x0000000080000000, 0x0000000082b00000, 0x00000000d5580000)
  object space 44032K, 14% used [0x0000000080000000,0x0000000080626570,0x0000000082b00000)
 Metaspace       used 13907K, capacity 14264K, committed 14336K, reserved 1060864K
  class space    used 1917K, capacity 2032K, committed 2048K, reserved 1048576K
Event: 9.148 GC heap after
Heap after GC invocations=7 (full 0):
 PSYoungGen      total 18944K, used 2151K [0x00000000d5580000, 0x00000000d6a80000, 0x0000000100000000)
  eden space 16384K, 0% used [0x00000000d5580000,0x00000000d5580000,0x00000000d6580000)
  from space 2560K, 84% used [0x00000000d6580000,0x00000000d6799c38,0x00000000d6800000)
  to   space 2560K, 0% used [0x00000000d6800000,0x00000000d6800000,0x00000000d6a80000)
 ParOldGen       total 44032K, used 7206K [0x0000000080000000, 0x0000000082b00000, 0x00000000d5580000)
  object space 44032K, 16% used [0x0000000080000000,0x00000000807099c8,0x0000000082b00000)
 Metaspace       used 13907K, capacity 14264K, committed 14336K, reserved 1060864K
  class space    used 1917K, capacity 2032K, committed 2048K, reserved 1048576K
}
Event: 9.148 GC heap before
{Heap before GC invocations=8 (full 1):
 PSYoungGen      total 18944K, used 2151K [0x00000000d5580000, 0x00000000d6a80000, 0x0000000100000000)
  eden space 16384K, 0% used [0x00000000d5580000,0x00000000d5580000,0x00000000d6580000)
  from space 2560K, 84% used [0x00000000d6580000,0x00000000d6799c38,0x00000000d6800000)
  to   space 2560K, 0% used [0x00000000d6800000,0x00000000d6800000,0x00000000d6a80000)
 ParOldGen       total 44032K, used 7206K [0x0000000080000000, 0x0000000082b00000, 0x00000000d5580000)
  object space 44032K, 16% used [0x0000000080000000,0x00000000807099c8,0x0000000082b00000)
 Metaspace       used 13907K, capacity 14264K, committed 14336K, reserved 1060864K
  class space    used 1917K, capacity 2032K, committed 2048K, reserved 1048576K
Event: 9.230 GC heap after
Heap after GC invocations=8 (full 1):
 PSYoungGen      total 18944K, used 0K [0x00000000d5580000, 0x00000000d6a80000, 0x0000000100000000)
  eden space 16384K, 0% used [0x00000000d5580000,0x00000000d5580000,0x00000000d6580000)
  from space 2560K, 0% used [0x00000000d6580000,0x00000000d6580000,0x00000000d6800000)
  to   space 2560K, 0% used [0x00000000d6800000,0x00000000d6800000,0x00000000d6a80000)
 ParOldGen       total 33792K, used 8155K [0x0000000080000000, 0x0000000082100000, 0x00000000d5580000)
  object space 33792K, 24% used [0x0000000080000000,0x00000000807f6c00,0x0000000082100000)
 Metaspace       used 13907K, capacity 14264K, committed 14336K, reserved 1060864K
  class space    used 1917K, capacity 2032K, committed 2048K, reserved 1048576K
}

