# JRE version: OpenJDK Runtime Environment (8.0_152-b01) (build 1.8.0_152-release-915-b01)
# Java VM: OpenJDK 64-Bit Server VM (25.152-b01 mixed mode windows-amd64 compressed oops)
Heap:
 PSYoungGen      total 71680K, used 27461K [0x00000000eab00000, 0x00000000f3c00000, 0x0000000100000000)
  eden space 64512K, 42% used [0x00000000eab00000,0x00000000ec5d16d0,0x00000000eea00000)
  from space 7168K, 0% used [0x00000000eea00000,0x00000000eea00000,0x00000000ef100000)
  to   space 9728K, 0% used [0x00000000f3280000,0x00000000f3280000,0x00000000f3c00000)
 ParOldGen       total 43008K, used 13345K [0x00000000c0000000, 0x00000000c2a00000, 0x00000000eab00000)
  object space 43008K, 31% used [0x00000000c0000000,0x00000000c0d087c0,0x00000000c2a00000)
 Metaspace       used 25453K, capacity 25938K, committed 26240K, reserved 1071104K
  class space    used 3456K, capacity 3635K, committed 3712K, reserved 1048576K
GC Heap History (10 events):
Event: 3.067 GC heap before
{Heap before GC invocations=4 (full 0):
 PSYoungGen      total 18944K, used 18916K [0x00000000eab00000, 0x00000000ed000000, 0x0000000100000000)
  eden space 16384K, 100% used [0x00000000eab00000,0x00000000ebb00000,0x00000000ebb00000)
  from space 2560K, 98% used [0x00000000ebb00000,0x00000000ebd793b0,0x00000000ebd80000)
  to   space 2560K, 0% used [0x00000000ecd80000,0x00000000ecd80000,0x00000000ed000000)
 ParOldGen       total 44032K, used 801K [0x00000000c0000000, 0x00000000c2b00000, 0x00000000eab00000)
  object space 44032K, 1% used [0x00000000c0000000,0x00000000c00c8458,0x00000000c2b00000)
 Metaspace       used 8967K, capacity 9204K, committed 9472K, reserved 1056768K
  class space    used 1168K, capacity 1260K, committed 1280K, reserved 1048576K
Event: 3.075 GC heap after
Heap after GC invocations=4 (full 0):
 PSYoungGen      total 35328K, used 2528K [0x00000000eab00000, 0x00000000ed000000, 0x0000000100000000)
  eden space 32768K, 0% used [0x00000000eab00000,0x00000000eab00000,0x00000000ecb00000)
  from space 2560K, 98% used [0x00000000ecd80000,0x00000000ecff8020,0x00000000ed000000)
  to   space 2560K, 0% used [0x00000000ecb00000,0x00000000ecb00000,0x00000000ecd80000)
 ParOldGen       total 44032K, used 2190K [0x00000000c0000000, 0x00000000c2b00000, 0x00000000eab00000)
  object space 44032K, 4% used [0x00000000c0000000,0x00000000c0223a78,0x00000000c2b00000)
 Metaspace       used 8967K, capacity 9204K, committed 9472K, reserved 1056768K
  class space    used 1168K, capacity 1260K, committed 1280K, reserved 1048576K
}
Event: 5.102 GC heap before
{Heap before GC invocations=5 (full 0):
 PSYoungGen      total 35328K, used 35296K [0x00000000eab00000, 0x00000000ed000000, 0x0000000100000000)
  eden space 32768K, 100% used [0x00000000eab00000,0x00000000ecb00000,0x00000000ecb00000)
  from space 2560K, 98% used [0x00000000ecd80000,0x00000000ecff8020,0x00000000ed000000)
  to   space 2560K, 0% used [0x00000000ecb00000,0x00000000ecb00000,0x00000000ecd80000)
 ParOldGen       total 44032K, used 2190K [0x00000000c0000000, 0x00000000c2b00000, 0x00000000eab00000)
  object space 44032K, 4% used [0x00000000c0000000,0x00000000c0223a78,0x00000000c2b00000)
 Metaspace       used 13332K, capacity 13688K, committed 13824K, reserved 1060864K
  class space    used 1843K, capacity 1968K, committed 2048K, reserved 1048576K
Event: 5.114 GC heap after
Heap after GC invocations=5 (full 0):
 PSYoungGen      total 35328K, used 2544K [0x00000000eab00000, 0x00000000ef700000, 0x0000000100000000)
  eden space 32768K, 0% used [0x00000000eab00000,0x00000000eab00000,0x00000000ecb00000)
  from space 2560K, 99% used [0x00000000ecb00000,0x00000000ecd7c010,0x00000000ecd80000)
  to   space 6144K, 0% used [0x00000000ef100000,0x00000000ef100000,0x00000000ef700000)
 ParOldGen       total 44032K, used 6042K [0x00000000c0000000, 0x00000000c2b00000, 0x00000000eab00000)
  object space 44032K, 13% used [0x00000000c0000000,0x00000000c05e6948,0x00000000c2b00000)
 Metaspace       used 13332K, capacity 13688K, committed 13824K, reserved 1060864K
  class space    used 1843K, capacity 1968K, committed 2048K, reserved 1048576K
}
Event: 5.824 GC heap before
{Heap before GC invocations=6 (full 0):
 PSYoungGen      total 35328K, used 35312K [0x00000000eab00000, 0x00000000ef700000, 0x0000000100000000)
  eden space 32768K, 100% used [0x00000000eab00000,0x00000000ecb00000,0x00000000ecb00000)
  from space 2560K, 99% used [0x00000000ecb00000,0x00000000ecd7c010,0x00000000ecd80000)
  to   space 6144K, 0% used [0x00000000ef100000,0x00000000ef100000,0x00000000ef700000)
 ParOldGen       total 44032K, used 6042K [0x00000000c0000000, 0x00000000c2b00000, 0x00000000eab00000)
  object space 44032K, 13% used [0x00000000c0000000,0x00000000c05e6948,0x00000000c2b00000)
 Metaspace       used 16223K, capacity 16680K, committed 16896K, reserved 1062912K
  class space    used 2305K, capacity 2458K, committed 2560K, reserved 1048576K
Event: 5.846 GC heap after
Heap after GC invocations=6 (full 0):
 PSYoungGen      total 70656K, used 6135K [0x00000000eab00000, 0x00000000ef900000, 0x0000000100000000)
  eden space 64512K, 0% used [0x00000000eab00000,0x00000000eab00000,0x00000000eea00000)
  from space 6144K, 99% used [0x00000000ef100000,0x00000000ef6fde68,0x00000000ef700000)
  to   space 7168K, 0% used [0x00000000eea00000,0x00000000eea00000,0x00000000ef100000)
 ParOldGen       total 44032K, used 6452K [0x00000000c0000000, 0x00000000c2b00000, 0x00000000eab00000)
  object space 44032K, 14% used [0x00000000c0000000,0x00000000c064d168,0x00000000c2b00000)
 Metaspace       used 16223K, capacity 16680K, committed 16896K, reserved 1062912K
  class space    used 2305K, capacity 2458K, committed 2560K, reserved 1048576K
}
Event: 7.264 GC heap before
{Heap before GC invocations=7 (full 0):
 PSYoungGen      total 70656K, used 51960K [0x00000000eab00000, 0x00000000ef900000, 0x0000000100000000)
  eden space 64512K, 71% used [0x00000000eab00000,0x00000000ed7c0410,0x00000000eea00000)
  from space 6144K, 99% used [0x00000000ef100000,0x00000000ef6fde68,0x00000000ef700000)
  to   space 7168K, 0% used [0x00000000eea00000,0x00000000eea00000,0x00000000ef100000)
 ParOldGen       total 44032K, used 6452K [0x00000000c0000000, 0x00000000c2b00000, 0x00000000eab00000)
  object space 44032K, 14% used [0x00000000c0000000,0x00000000c064d168,0x00000000c2b00000)
 Metaspace       used 20669K, capacity 21100K, committed 21296K, reserved 1067008K
  class space    used 2981K, capacity 3153K, committed 3200K, reserved 1048576K
Event: 7.307 GC heap after
Heap after GC invocations=7 (full 0):
 PSYoungGen      total 71680K, used 7138K [0x00000000eab00000, 0x00000000f3c00000, 0x0000000100000000)
  eden space 64512K, 0% used [0x00000000eab00000,0x00000000eab00000,0x00000000eea00000)
  from space 7168K, 99% used [0x00000000eea00000,0x00000000ef0f8a48,0x00000000ef100000)
  to   space 9728K, 0% used [0x00000000f3280000,0x00000000f3280000,0x00000000f3c00000)
 ParOldGen       total 44032K, used 8751K [0x00000000c0000000, 0x00000000c2b00000, 0x00000000eab00000)
  object space 44032K, 19% used [0x00000000c0000000,0x00000000c088bd28,0x00000000c2b00000)
 Metaspace       used 20669K, capacity 21100K, committed 21296K, reserved 1067008K
  class space    used 2981K, capacity 3153K, committed 3200K, reserved 1048576K
}
Event: 7.307 GC heap before
{Heap before GC invocations=8 (full 1):
 PSYoungGen      total 71680K, used 7138K [0x00000000eab00000, 0x00000000f3c00000, 0x0000000100000000)
  eden space 64512K, 0% used [0x00000000eab00000,0x00000000eab00000,0x00000000eea00000)
  from space 7168K, 99% used [0x00000000eea00000,0x00000000ef0f8a48,0x00000000ef100000)
  to   space 9728K, 0% used [0x00000000f3280000,0x00000000f3280000,0x00000000f3c00000)
 ParOldGen       total 44032K, used 8751K [0x00000000c0000000, 0x00000000c2b00000, 0x00000000eab00000)
  object space 44032K, 19% used [0x00000000c0000000,0x00000000c088bd28,0x00000000c2b00000)
 Metaspace       used 20669K, capacity 21100K, committed 21296K, reserved 1067008K
  class space    used 2981K, capacity 3153K, committed 3200K, reserved 1048576K
Event: 7.507 GC heap after
Heap after GC invocations=8 (full 1):
 PSYoungGen      total 71680K, used 0K [0x00000000eab00000, 0x00000000f3c00000, 0x0000000100000000)
  eden space 64512K, 0% used [0x00000000eab00000,0x00000000eab00000,0x00000000eea00000)
  from space 7168K, 0% used [0x00000000eea00000,0x00000000eea00000,0x00000000ef100000)
  to   space 9728K, 0% used [0x00000000f3280000,0x00000000f3280000,0x00000000f3c00000)
 ParOldGen       total 43008K, used 13345K [0x00000000c0000000, 0x00000000c2a00000, 0x00000000eab00000)
  object space 43008K, 31% used [0x00000000c0000000,0x00000000c0d087c0,0x00000000c2a00000)
 Metaspace       used 20669K, capacity 21100K, committed 21296K, reserved 1067008K
  class space    used 2981K, capacity 3153K, committed 3200K, reserved 1048576K
}

